2025-06-06T21:21:11.118-03:00  INFO 20052 --- [main] c.m.e.ECommerceApiApplicationTests       : Starting ECommerceApiApplicationTests using Java 20.0.2 with PID 20052 (started by Matheus in C:\Users\Matheus\Downloads\ecommerce-api)
2025-06-06T21:21:11.119-03:00  INFO 20052 --- [main] c.m.e.ECommerceApiApplicationTests       : No active profile set, falling back to 1 default profile: "default"
2025-06-06T21:21:11.695-03:00  INFO 20052 --- [main] .s.d.r.c.RepositoryConfigurationDelegate : Bootstrapping Spring Data JPA repositories in DEFAULT mode.
2025-06-06T21:21:11.718-03:00  INFO 20052 --- [main] .s.d.r.c.RepositoryConfigurationDelegate : Finished Spring Data repository scanning in 10 ms. Found 0 JPA repository interfaces.
2025-06-06T21:21:12.070-03:00  INFO 20052 --- [main] o.hibernate.jpa.internal.util.LogHelper  : HHH000204: Processing PersistenceUnitInfo [name: default]
2025-06-06T21:21:12.123-03:00  INFO 20052 --- [main] org.hibernate.Version                    : HHH000412: Hibernate ORM core version 6.6.15.Final
2025-06-06T21:21:12.152-03:00  INFO 20052 --- [main] o.h.c.internal.RegionFactoryInitiator    : HHH000026: Second-level cache disabled
2025-06-06T21:21:12.492-03:00  INFO 20052 --- [main] o.s.o.j.p.SpringPersistenceUnitInfo      : No LoadTimeWeaver setup: ignoring JPA class transformer
2025-06-06T21:21:12.539-03:00  INFO 20052 --- [main] com.zaxxer.hikari.HikariDataSource       : HikariPool-1 - Starting...
2025-06-06T21:21:12.741-03:00  INFO 20052 --- [main] com.zaxxer.hikari.pool.HikariPool        : HikariPool-1 - Added connection conn0: url=jdbc:h2:mem:attornatus user=SA
2025-06-06T21:21:12.743-03:00  INFO 20052 --- [main] com.zaxxer.hikari.HikariDataSource       : HikariPool-1 - Start completed.
2025-06-06T21:21:12.766-03:00  WARN 20052 --- [main] org.hibernate.orm.deprecation            : HHH90000025: H2Dialect does not need to be specified explicitly using 'hibernate.dialect' (remove the property setting and it will be selected by default)
2025-06-06T21:21:12.788-03:00  INFO 20052 --- [main] org.hibernate.orm.connections.pooling    : HHH10001005: Database info:
	Database JDBC URL [Connecting through datasource 'HikariDataSource (HikariPool-1)']
	Database driver: undefined/unknown
	Database version: 2.3.232
	Autocommit mode: undefined/unknown
	Isolation level: undefined/unknown
	Minimum pool size: undefined/unknown
	Maximum pool size: undefined/unknown
2025-06-06T21:21:13.521-03:00  INFO 20052 --- [main] o.h.e.t.j.p.i.JtaPlatformInitiator       : HHH000489: No JTA platform available (set 'hibernate.transaction.jta.platform' to enable JTA platform integration)
2025-06-06T21:21:13.563-03:00  INFO 20052 --- [main] j.LocalContainerEntityManagerFactoryBean : Initialized JPA EntityManagerFactory for persistence unit 'default'
2025-06-06T21:21:13.708-03:00  WARN 20052 --- [main] JpaBaseConfiguration$JpaWebConfiguration : spring.jpa.open-in-view is enabled by default. Therefore, database queries may be performed during view rendering. Explicitly configure spring.jpa.open-in-view to disable this warning
2025-06-06T21:21:14.063-03:00  INFO 20052 --- [main] o.s.b.a.h2.H2ConsoleAutoConfiguration    : H2 console available at '/h2-console'. Database available at 'jdbc:h2:mem:attornatus'
2025-06-06T21:21:14.156-03:00  INFO 20052 --- [main] c.m.e.ECommerceApiApplicationTests       : Started ECommerceApiApplicationTests in 3.35 seconds (process running for 4.136)
2025-06-06T21:21:14.598-03:00  INFO 20052 --- [SpringApplicationShutdownHook] j.LocalContainerEntityManagerFactoryBean : Closing JPA EntityManagerFactory for persistence unit 'default'
2025-06-06T21:21:14.602-03:00  INFO 20052 --- [SpringApplicationShutdownHook] com.zaxxer.hikari.HikariDataSource       : HikariPool-1 - Shutdown initiated...
2025-06-06T21:21:14.604-03:00  INFO 20052 --- [SpringApplicationShutdownHook] com.zaxxer.hikari.HikariDataSource       : HikariPool-1 - Shutdown completed.
2025-06-06T21:21:26.522-03:00  INFO 13192 --- [main] c.m.e.ECommerceApiApplication            : Starting ECommerceApiApplication using Java 24.0.1 with PID 13192 (C:\Users\Matheus\Downloads\ecommerce-api\target\classes started by Matheus in C:\Users\Matheus\Downloads\ecommerce-api)
2025-06-06T21:21:26.524-03:00  INFO 13192 --- [main] c.m.e.ECommerceApiApplication            : No active profile set, falling back to 1 default profile: "default"
2025-06-06T21:21:26.995-03:00  INFO 13192 --- [main] .s.d.r.c.RepositoryConfigurationDelegate : Bootstrapping Spring Data JPA repositories in DEFAULT mode.
2025-06-06T21:21:27.010-03:00  INFO 13192 --- [main] .s.d.r.c.RepositoryConfigurationDelegate : Finished Spring Data repository scanning in 8 ms. Found 0 JPA repository interfaces.
2025-06-06T21:21:27.309-03:00  INFO 13192 --- [main] o.s.b.w.embedded.tomcat.TomcatWebServer  : Tomcat initialized with port 8080 (http)
2025-06-06T21:21:27.321-03:00  INFO 13192 --- [main] o.apache.catalina.core.StandardService   : Starting service [Tomcat]
2025-06-06T21:21:27.321-03:00  INFO 13192 --- [main] o.apache.catalina.core.StandardEngine    : Starting Servlet engine: [Apache Tomcat/10.1.41]
2025-06-06T21:21:27.359-03:00  INFO 13192 --- [main] o.a.c.c.C.[Tomcat].[localhost].[/]       : Initializing Spring embedded WebApplicationContext
2025-06-06T21:21:27.359-03:00  INFO 13192 --- [main] w.s.c.ServletWebServerApplicationContext : Root WebApplicationContext: initialization completed in 795 ms
2025-06-06T21:21:27.473-03:00  INFO 13192 --- [main] o.hibernate.jpa.internal.util.LogHelper  : HHH000204: Processing PersistenceUnitInfo [name: default]
2025-06-06T21:21:27.512-03:00  INFO 13192 --- [main] org.hibernate.Version                    : HHH000412: Hibernate ORM core version 6.6.15.Final
2025-06-06T21:21:27.539-03:00  INFO 13192 --- [main] o.h.c.internal.RegionFactoryInitiator    : HHH000026: Second-level cache disabled
2025-06-06T21:21:27.789-03:00  INFO 13192 --- [main] o.s.o.j.p.SpringPersistenceUnitInfo      : No LoadTimeWeaver setup: ignoring JPA class transformer
2025-06-06T21:21:27.822-03:00  INFO 13192 --- [main] com.zaxxer.hikari.HikariDataSource       : HikariPool-1 - Starting...
2025-06-06T21:21:27.956-03:00  INFO 13192 --- [main] com.zaxxer.hikari.pool.HikariPool        : HikariPool-1 - Added connection conn0: url=jdbc:h2:mem:attornatus user=SA
2025-06-06T21:21:27.957-03:00  INFO 13192 --- [main] com.zaxxer.hikari.HikariDataSource       : HikariPool-1 - Start completed.
2025-06-06T21:21:27.975-03:00  WARN 13192 --- [main] org.hibernate.orm.deprecation            : HHH90000025: H2Dialect does not need to be specified explicitly using 'hibernate.dialect' (remove the property setting and it will be selected by default)
2025-06-06T21:21:27.990-03:00  INFO 13192 --- [main] org.hibernate.orm.connections.pooling    : HHH10001005: Database info:
	Database JDBC URL [Connecting through datasource 'HikariDataSource (HikariPool-1)']
	Database driver: undefined/unknown
	Database version: 2.3.232
	Autocommit mode: undefined/unknown
	Isolation level: undefined/unknown
	Minimum pool size: undefined/unknown
	Maximum pool size: undefined/unknown
2025-06-06T21:21:28.623-03:00  INFO 13192 --- [main] o.h.e.t.j.p.i.JtaPlatformInitiator       : HHH000489: No JTA platform available (set 'hibernate.transaction.jta.platform' to enable JTA platform integration)
2025-06-06T21:21:28.650-03:00  INFO 13192 --- [main] j.LocalContainerEntityManagerFactoryBean : Initialized JPA EntityManagerFactory for persistence unit 'default'
2025-06-06T21:21:28.677-03:00  WARN 13192 --- [main] JpaBaseConfiguration$JpaWebConfiguration : spring.jpa.open-in-view is enabled by default. Therefore, database queries may be performed during view rendering. Explicitly configure spring.jpa.open-in-view to disable this warning
2025-06-06T21:21:28.926-03:00  INFO 13192 --- [main] o.s.b.a.h2.H2ConsoleAutoConfiguration    : H2 console available at '/h2-console'. Database available at 'jdbc:h2:mem:attornatus'
2025-06-06T21:21:28.987-03:00  INFO 13192 --- [main] o.s.b.w.embedded.tomcat.TomcatWebServer  : Tomcat started on port 8080 (http) with context path '/'
2025-06-06T21:21:29.000-03:00  INFO 13192 --- [main] c.m.e.ECommerceApiApplication            : Started ECommerceApiApplication in 2.931 seconds (process running for 3.393)
2025-06-06T21:21:39.054-03:00  INFO 13192 --- [http-nio-8080-exec-1] o.a.c.c.C.[Tomcat].[localhost].[/]       : Initializing Spring DispatcherServlet 'dispatcherServlet'
2025-06-06T21:21:39.054-03:00  INFO 13192 --- [http-nio-8080-exec-1] o.s.web.servlet.DispatcherServlet        : Initializing Servlet 'dispatcherServlet'
2025-06-06T21:21:39.055-03:00  INFO 13192 --- [http-nio-8080-exec-1] o.s.web.servlet.DispatcherServlet        : Completed initialization in 1 ms
2025-06-06T21:37:18.092-03:00  INFO 13192 --- [SpringApplicationShutdownHook] o.s.b.w.e.tomcat.GracefulShutdown        : Commencing graceful shutdown. Waiting for active requests to complete
2025-06-06T21:37:18.095-03:00  INFO 13192 --- [tomcat-shutdown] o.s.b.w.e.tomcat.GracefulShutdown        : Graceful shutdown complete
2025-06-06T21:37:18.098-03:00  INFO 13192 --- [SpringApplicationShutdownHook] j.LocalContainerEntityManagerFactoryBean : Closing JPA EntityManagerFactory for persistence unit 'default'
2025-06-06T21:37:18.101-03:00  INFO 13192 --- [SpringApplicationShutdownHook] com.zaxxer.hikari.HikariDataSource       : HikariPool-1 - Shutdown initiated...
2025-06-06T21:37:18.103-03:00  INFO 13192 --- [SpringApplicationShutdownHook] com.zaxxer.hikari.HikariDataSource       : HikariPool-1 - Shutdown completed.
2025-06-06T21:37:20.234-03:00  INFO 9964 --- [main] c.m.e.ECommerceApiApplication            : Starting ECommerceApiApplication using Java 24.0.1 with PID 9964 (C:\Users\Matheus\Downloads\ecommerce-api\target\classes started by Matheus in C:\Users\Matheus\Downloads\ecommerce-api)
2025-06-06T21:37:20.235-03:00  INFO 9964 --- [main] c.m.e.ECommerceApiApplication            : No active profile set, falling back to 1 default profile: "default"
2025-06-06T21:37:20.763-03:00  INFO 9964 --- [main] .s.d.r.c.RepositoryConfigurationDelegate : Bootstrapping Spring Data JPA repositories in DEFAULT mode.
2025-06-06T21:37:20.778-03:00  INFO 9964 --- [main] .s.d.r.c.RepositoryConfigurationDelegate : Finished Spring Data repository scanning in 8 ms. Found 0 JPA repository interfaces.
2025-06-06T21:37:21.109-03:00  INFO 9964 --- [main] o.s.b.w.embedded.tomcat.TomcatWebServer  : Tomcat initialized with port 8080 (http)
2025-06-06T21:37:21.121-03:00  INFO 9964 --- [main] o.apache.catalina.core.StandardService   : Starting service [Tomcat]
2025-06-06T21:37:21.122-03:00  INFO 9964 --- [main] o.apache.catalina.core.StandardEngine    : Starting Servlet engine: [Apache Tomcat/10.1.41]
2025-06-06T21:37:21.164-03:00  INFO 9964 --- [main] o.a.c.c.C.[Tomcat].[localhost].[/]       : Initializing Spring embedded WebApplicationContext
2025-06-06T21:37:21.164-03:00  INFO 9964 --- [main] w.s.c.ServletWebServerApplicationContext : Root WebApplicationContext: initialization completed in 884 ms
2025-06-06T21:37:21.300-03:00  INFO 9964 --- [main] o.hibernate.jpa.internal.util.LogHelper  : HHH000204: Processing PersistenceUnitInfo [name: default]
2025-06-06T21:37:21.360-03:00  INFO 9964 --- [main] org.hibernate.Version                    : HHH000412: Hibernate ORM core version 6.6.15.Final
2025-06-06T21:37:21.395-03:00  INFO 9964 --- [main] o.h.c.internal.RegionFactoryInitiator    : HHH000026: Second-level cache disabled
2025-06-06T21:37:21.657-03:00  INFO 9964 --- [main] o.s.o.j.p.SpringPersistenceUnitInfo      : No LoadTimeWeaver setup: ignoring JPA class transformer
2025-06-06T21:37:21.685-03:00  INFO 9964 --- [main] com.zaxxer.hikari.HikariDataSource       : HikariPool-1 - Starting...
2025-06-06T21:37:21.851-03:00  INFO 9964 --- [main] com.zaxxer.hikari.pool.HikariPool        : HikariPool-1 - Added connection conn0: url=jdbc:h2:mem: user=SA
2025-06-06T21:37:21.853-03:00  INFO 9964 --- [main] com.zaxxer.hikari.HikariDataSource       : HikariPool-1 - Start completed.
2025-06-06T21:37:21.876-03:00  WARN 9964 --- [main] org.hibernate.orm.deprecation            : HHH90000025: H2Dialect does not need to be specified explicitly using 'hibernate.dialect' (remove the property setting and it will be selected by default)
2025-06-06T21:37:21.895-03:00  INFO 9964 --- [main] org.hibernate.orm.connections.pooling    : HHH10001005: Database info:
	Database JDBC URL [Connecting through datasource 'HikariDataSource (HikariPool-1)']
	Database driver: undefined/unknown
	Database version: 2.3.232
	Autocommit mode: undefined/unknown
	Isolation level: undefined/unknown
	Minimum pool size: undefined/unknown
	Maximum pool size: undefined/unknown
2025-06-06T21:37:22.551-03:00  INFO 9964 --- [main] o.h.e.t.j.p.i.JtaPlatformInitiator       : HHH000489: No JTA platform available (set 'hibernate.transaction.jta.platform' to enable JTA platform integration)
2025-06-06T21:37:22.579-03:00  INFO 9964 --- [main] j.LocalContainerEntityManagerFactoryBean : Initialized JPA EntityManagerFactory for persistence unit 'default'
2025-06-06T21:37:22.607-03:00  WARN 9964 --- [main] JpaBaseConfiguration$JpaWebConfiguration : spring.jpa.open-in-view is enabled by default. Therefore, database queries may be performed during view rendering. Explicitly configure spring.jpa.open-in-view to disable this warning
2025-06-06T21:37:22.836-03:00  INFO 9964 --- [main] o.s.b.a.h2.H2ConsoleAutoConfiguration    : H2 console available at '/h2-console'. Database available at 'jdbc:h2:mem:'
2025-06-06T21:37:22.898-03:00  INFO 9964 --- [main] o.s.b.w.embedded.tomcat.TomcatWebServer  : Tomcat started on port 8080 (http) with context path '/'
2025-06-06T21:37:22.904-03:00  INFO 9964 --- [main] c.m.e.ECommerceApiApplication            : Started ECommerceApiApplication in 3.078 seconds (process running for 3.748)
2025-06-06T21:39:10.751-03:00  INFO 15468 --- [main] c.m.e.ECommerceApiApplicationTests       : Starting ECommerceApiApplicationTests using Java 20.0.2 with PID 15468 (started by Matheus in C:\Users\Matheus\Downloads\ecommerce-api)
2025-06-06T21:39:10.753-03:00  INFO 15468 --- [main] c.m.e.ECommerceApiApplicationTests       : No active profile set, falling back to 1 default profile: "default"
2025-06-06T21:39:11.377-03:00  INFO 15468 --- [main] .s.d.r.c.RepositoryConfigurationDelegate : Bootstrapping Spring Data JPA repositories in DEFAULT mode.
2025-06-06T21:39:11.405-03:00  INFO 15468 --- [main] .s.d.r.c.RepositoryConfigurationDelegate : Finished Spring Data repository scanning in 13 ms. Found 0 JPA repository interfaces.
2025-06-06T21:39:11.765-03:00  INFO 15468 --- [main] o.hibernate.jpa.internal.util.LogHelper  : HHH000204: Processing PersistenceUnitInfo [name: default]
2025-06-06T21:39:11.816-03:00  INFO 15468 --- [main] org.hibernate.Version                    : HHH000412: Hibernate ORM core version 6.6.15.Final
2025-06-06T21:39:11.853-03:00  INFO 15468 --- [main] o.h.c.internal.RegionFactoryInitiator    : HHH000026: Second-level cache disabled
2025-06-06T21:39:12.222-03:00  INFO 15468 --- [main] o.s.o.j.p.SpringPersistenceUnitInfo      : No LoadTimeWeaver setup: ignoring JPA class transformer
2025-06-06T21:39:12.269-03:00  INFO 15468 --- [main] com.zaxxer.hikari.HikariDataSource       : HikariPool-1 - Starting...
2025-06-06T21:39:12.475-03:00  INFO 15468 --- [main] com.zaxxer.hikari.pool.HikariPool        : HikariPool-1 - Added connection conn0: url=jdbc:h2:mem:testdb user=SA
2025-06-06T21:39:12.477-03:00  INFO 15468 --- [main] com.zaxxer.hikari.HikariDataSource       : HikariPool-1 - Start completed.
2025-06-06T21:39:12.502-03:00  WARN 15468 --- [main] org.hibernate.orm.deprecation            : HHH90000025: H2Dialect does not need to be specified explicitly using 'hibernate.dialect' (remove the property setting and it will be selected by default)
2025-06-06T21:39:12.544-03:00  INFO 15468 --- [main] org.hibernate.orm.connections.pooling    : HHH10001005: Database info:
	Database JDBC URL [Connecting through datasource 'HikariDataSource (HikariPool-1)']
	Database driver: undefined/unknown
	Database version: 2.3.232
	Autocommit mode: undefined/unknown
	Isolation level: undefined/unknown
	Minimum pool size: undefined/unknown
	Maximum pool size: undefined/unknown
2025-06-06T21:39:13.240-03:00  INFO 15468 --- [main] o.h.e.t.j.p.i.JtaPlatformInitiator       : HHH000489: No JTA platform available (set 'hibernate.transaction.jta.platform' to enable JTA platform integration)
2025-06-06T21:39:13.271-03:00  INFO 15468 --- [main] j.LocalContainerEntityManagerFactoryBean : Initialized JPA EntityManagerFactory for persistence unit 'default'
2025-06-06T21:39:13.405-03:00  WARN 15468 --- [main] JpaBaseConfiguration$JpaWebConfiguration : spring.jpa.open-in-view is enabled by default. Therefore, database queries may be performed during view rendering. Explicitly configure spring.jpa.open-in-view to disable this warning
2025-06-06T21:39:13.726-03:00  INFO 15468 --- [main] o.s.b.a.h2.H2ConsoleAutoConfiguration    : H2 console available at '/h2-console'. Database available at 'jdbc:h2:mem:testdb'
2025-06-06T21:39:13.793-03:00  INFO 15468 --- [main] c.m.e.ECommerceApiApplicationTests       : Started ECommerceApiApplicationTests in 3.337 seconds (process running for 4.198)
2025-06-06T21:39:14.189-03:00  INFO 15468 --- [SpringApplicationShutdownHook] j.LocalContainerEntityManagerFactoryBean : Closing JPA EntityManagerFactory for persistence unit 'default'
2025-06-06T21:39:14.192-03:00  INFO 15468 --- [SpringApplicationShutdownHook] com.zaxxer.hikari.HikariDataSource       : HikariPool-1 - Shutdown initiated...
2025-06-06T21:39:14.194-03:00  INFO 15468 --- [SpringApplicationShutdownHook] com.zaxxer.hikari.HikariDataSource       : HikariPool-1 - Shutdown completed.
2025-06-06T21:40:15.260-03:00  INFO 9964 --- [http-nio-8080-exec-6] o.a.c.c.C.[Tomcat].[localhost].[/]       : Initializing Spring DispatcherServlet 'dispatcherServlet'
2025-06-06T21:40:15.261-03:00  INFO 9964 --- [http-nio-8080-exec-6] o.s.web.servlet.DispatcherServlet        : Initializing Servlet 'dispatcherServlet'
2025-06-06T21:40:15.261-03:00  INFO 9964 --- [http-nio-8080-exec-6] o.s.web.servlet.DispatcherServlet        : Completed initialization in 0 ms
2025-06-06T21:41:16.863-03:00  INFO 6844 --- [main] c.m.e.ECommerceApiApplicationTests       : Starting ECommerceApiApplicationTests using Java 20.0.2 with PID 6844 (started by Matheus in C:\Users\Matheus\Downloads\ecommerce-api)
2025-06-06T21:41:16.864-03:00  INFO 6844 --- [main] c.m.e.ECommerceApiApplicationTests       : No active profile set, falling back to 1 default profile: "default"
2025-06-06T21:41:17.428-03:00  INFO 6844 --- [main] .s.d.r.c.RepositoryConfigurationDelegate : Bootstrapping Spring Data JPA repositories in DEFAULT mode.
2025-06-06T21:41:17.455-03:00  INFO 6844 --- [main] .s.d.r.c.RepositoryConfigurationDelegate : Finished Spring Data repository scanning in 12 ms. Found 0 JPA repository interfaces.
2025-06-06T21:41:17.790-03:00  INFO 6844 --- [main] o.hibernate.jpa.internal.util.LogHelper  : HHH000204: Processing PersistenceUnitInfo [name: default]
2025-06-06T21:41:17.838-03:00  INFO 6844 --- [main] org.hibernate.Version                    : HHH000412: Hibernate ORM core version 6.6.15.Final
2025-06-06T21:41:17.868-03:00  INFO 6844 --- [main] o.h.c.internal.RegionFactoryInitiator    : HHH000026: Second-level cache disabled
2025-06-06T21:41:18.190-03:00  INFO 6844 --- [main] o.s.o.j.p.SpringPersistenceUnitInfo      : No LoadTimeWeaver setup: ignoring JPA class transformer
2025-06-06T21:41:18.226-03:00  INFO 6844 --- [main] com.zaxxer.hikari.HikariDataSource       : HikariPool-1 - Starting...
2025-06-06T21:41:18.404-03:00  INFO 6844 --- [main] com.zaxxer.hikari.pool.HikariPool        : HikariPool-1 - Added connection conn0: url=jdbc:h2:mem:testdb user=SA
2025-06-06T21:41:18.406-03:00  INFO 6844 --- [main] com.zaxxer.hikari.HikariDataSource       : HikariPool-1 - Start completed.
2025-06-06T21:41:18.431-03:00  WARN 6844 --- [main] org.hibernate.orm.deprecation            : HHH90000025: H2Dialect does not need to be specified explicitly using 'hibernate.dialect' (remove the property setting and it will be selected by default)
2025-06-06T21:41:18.455-03:00  INFO 6844 --- [main] org.hibernate.orm.connections.pooling    : HHH10001005: Database info:
	Database JDBC URL [Connecting through datasource 'HikariDataSource (HikariPool-1)']
	Database driver: undefined/unknown
	Database version: 2.3.232
	Autocommit mode: undefined/unknown
	Isolation level: undefined/unknown
	Minimum pool size: undefined/unknown
	Maximum pool size: undefined/unknown
2025-06-06T21:41:19.119-03:00  INFO 6844 --- [main] o.h.e.t.j.p.i.JtaPlatformInitiator       : HHH000489: No JTA platform available (set 'hibernate.transaction.jta.platform' to enable JTA platform integration)
2025-06-06T21:41:19.146-03:00  INFO 6844 --- [main] j.LocalContainerEntityManagerFactoryBean : Initialized JPA EntityManagerFactory for persistence unit 'default'
2025-06-06T21:41:19.268-03:00  WARN 6844 --- [main] JpaBaseConfiguration$JpaWebConfiguration : spring.jpa.open-in-view is enabled by default. Therefore, database queries may be performed during view rendering. Explicitly configure spring.jpa.open-in-view to disable this warning
2025-06-06T21:41:19.564-03:00  INFO 6844 --- [main] o.s.b.a.h2.H2ConsoleAutoConfiguration    : H2 console available at '/h2-console'. Database available at 'jdbc:h2:mem:testdb'
2025-06-06T21:41:19.629-03:00  INFO 6844 --- [main] c.m.e.ECommerceApiApplicationTests       : Started ECommerceApiApplicationTests in 3.061 seconds (process running for 3.842)
2025-06-06T21:41:20.011-03:00  INFO 6844 --- [SpringApplicationShutdownHook] j.LocalContainerEntityManagerFactoryBean : Closing JPA EntityManagerFactory for persistence unit 'default'
2025-06-06T21:41:20.014-03:00  INFO 6844 --- [SpringApplicationShutdownHook] com.zaxxer.hikari.HikariDataSource       : HikariPool-1 - Shutdown initiated...
2025-06-06T21:41:20.016-03:00  INFO 6844 --- [SpringApplicationShutdownHook] com.zaxxer.hikari.HikariDataSource       : HikariPool-1 - Shutdown completed.
2025-06-06T21:42:47.503-03:00  INFO 9964 --- [SpringApplicationShutdownHook] o.s.b.w.e.tomcat.GracefulShutdown        : Commencing graceful shutdown. Waiting for active requests to complete
2025-06-06T21:42:47.507-03:00  INFO 9964 --- [tomcat-shutdown] o.s.b.w.e.tomcat.GracefulShutdown        : Graceful shutdown complete
2025-06-06T21:42:47.510-03:00  INFO 9964 --- [SpringApplicationShutdownHook] j.LocalContainerEntityManagerFactoryBean : Closing JPA EntityManagerFactory for persistence unit 'default'
2025-06-06T21:42:47.513-03:00  INFO 9964 --- [SpringApplicationShutdownHook] com.zaxxer.hikari.HikariDataSource       : HikariPool-1 - Shutdown initiated...
2025-06-06T21:42:47.515-03:00  INFO 9964 --- [SpringApplicationShutdownHook] com.zaxxer.hikari.HikariDataSource       : HikariPool-1 - Shutdown completed.
2025-06-06T21:42:49.366-03:00  INFO 12528 --- [main] c.m.e.ECommerceApiApplication            : Starting ECommerceApiApplication using Java 24.0.1 with PID 12528 (C:\Users\Matheus\Downloads\ecommerce-api\target\classes started by Matheus in C:\Users\Matheus\Downloads\ecommerce-api)
2025-06-06T21:42:49.368-03:00  INFO 12528 --- [main] c.m.e.ECommerceApiApplication            : No active profile set, falling back to 1 default profile: "default"
2025-06-06T21:42:49.845-03:00  INFO 12528 --- [main] .s.d.r.c.RepositoryConfigurationDelegate : Bootstrapping Spring Data JPA repositories in DEFAULT mode.
2025-06-06T21:42:49.860-03:00  INFO 12528 --- [main] .s.d.r.c.RepositoryConfigurationDelegate : Finished Spring Data repository scanning in 8 ms. Found 0 JPA repository interfaces.
2025-06-06T21:42:50.165-03:00  INFO 12528 --- [main] o.s.b.w.embedded.tomcat.TomcatWebServer  : Tomcat initialized with port 8080 (http)
2025-06-06T21:42:50.177-03:00  INFO 12528 --- [main] o.apache.catalina.core.StandardService   : Starting service [Tomcat]
2025-06-06T21:42:50.177-03:00  INFO 12528 --- [main] o.apache.catalina.core.StandardEngine    : Starting Servlet engine: [Apache Tomcat/10.1.41]
2025-06-06T21:42:50.218-03:00  INFO 12528 --- [main] o.a.c.c.C.[Tomcat].[localhost].[/]       : Initializing Spring embedded WebApplicationContext
2025-06-06T21:42:50.218-03:00  INFO 12528 --- [main] w.s.c.ServletWebServerApplicationContext : Root WebApplicationContext: initialization completed in 809 ms
2025-06-06T21:42:50.335-03:00  INFO 12528 --- [main] o.hibernate.jpa.internal.util.LogHelper  : HHH000204: Processing PersistenceUnitInfo [name: default]
2025-06-06T21:42:50.373-03:00  INFO 12528 --- [main] org.hibernate.Version                    : HHH000412: Hibernate ORM core version 6.6.15.Final
2025-06-06T21:42:50.401-03:00  INFO 12528 --- [main] o.h.c.internal.RegionFactoryInitiator    : HHH000026: Second-level cache disabled
2025-06-06T21:42:50.636-03:00  INFO 12528 --- [main] o.s.o.j.p.SpringPersistenceUnitInfo      : No LoadTimeWeaver setup: ignoring JPA class transformer
2025-06-06T21:42:50.659-03:00  INFO 12528 --- [main] com.zaxxer.hikari.HikariDataSource       : HikariPool-1 - Starting...
2025-06-06T21:42:50.795-03:00  INFO 12528 --- [main] com.zaxxer.hikari.pool.HikariPool        : HikariPool-1 - Added connection conn0: url=jdbc:h2:mem:testdb user=SA
2025-06-06T21:42:50.796-03:00  INFO 12528 --- [main] com.zaxxer.hikari.HikariDataSource       : HikariPool-1 - Start completed.
2025-06-06T21:42:50.814-03:00  WARN 12528 --- [main] org.hibernate.orm.deprecation            : HHH90000025: H2Dialect does not need to be specified explicitly using 'hibernate.dialect' (remove the property setting and it will be selected by default)
2025-06-06T21:42:50.830-03:00  INFO 12528 --- [main] org.hibernate.orm.connections.pooling    : HHH10001005: Database info:
	Database JDBC URL [Connecting through datasource 'HikariDataSource (HikariPool-1)']
	Database driver: undefined/unknown
	Database version: 2.3.232
	Autocommit mode: undefined/unknown
	Isolation level: undefined/unknown
	Minimum pool size: undefined/unknown
	Maximum pool size: undefined/unknown
2025-06-06T21:42:51.431-03:00  INFO 12528 --- [main] o.h.e.t.j.p.i.JtaPlatformInitiator       : HHH000489: No JTA platform available (set 'hibernate.transaction.jta.platform' to enable JTA platform integration)
2025-06-06T21:42:51.456-03:00  INFO 12528 --- [main] j.LocalContainerEntityManagerFactoryBean : Initialized JPA EntityManagerFactory for persistence unit 'default'
2025-06-06T21:42:51.482-03:00  WARN 12528 --- [main] JpaBaseConfiguration$JpaWebConfiguration : spring.jpa.open-in-view is enabled by default. Therefore, database queries may be performed during view rendering. Explicitly configure spring.jpa.open-in-view to disable this warning
2025-06-06T21:42:51.693-03:00  INFO 12528 --- [main] o.s.b.a.h2.H2ConsoleAutoConfiguration    : H2 console available at '/h2-console'. Database available at 'jdbc:h2:mem:testdb'
2025-06-06T21:42:51.756-03:00  INFO 12528 --- [main] o.s.b.w.embedded.tomcat.TomcatWebServer  : Tomcat started on port 8080 (http) with context path '/'
2025-06-06T21:42:51.762-03:00  INFO 12528 --- [main] c.m.e.ECommerceApiApplication            : Started ECommerceApiApplication in 2.81 seconds (process running for 3.31)
2025-06-06T21:43:19.440-03:00  INFO 12528 --- [SpringApplicationShutdownHook] o.s.b.w.e.tomcat.GracefulShutdown        : Commencing graceful shutdown. Waiting for active requests to complete
2025-06-06T21:43:19.443-03:00  INFO 12528 --- [tomcat-shutdown] o.s.b.w.e.tomcat.GracefulShutdown        : Graceful shutdown complete
2025-06-06T21:43:19.447-03:00  INFO 12528 --- [SpringApplicationShutdownHook] j.LocalContainerEntityManagerFactoryBean : Closing JPA EntityManagerFactory for persistence unit 'default'
2025-06-06T21:43:19.449-03:00  INFO 12528 --- [SpringApplicationShutdownHook] com.zaxxer.hikari.HikariDataSource       : HikariPool-1 - Shutdown initiated...
2025-06-06T21:43:19.450-03:00  INFO 12528 --- [SpringApplicationShutdownHook] com.zaxxer.hikari.HikariDataSource       : HikariPool-1 - Shutdown completed.
